[2025-07-22 13:37:02] DEBUG [oraculo_debug:88] EVENTO: ASYNC_FUNC_START | Tempo: 0.001s | Dados: {'function': 'inicializar'}
[2025-07-22 13:37:02] DEBUG [oraculo_debug:88] EVENTO: INIT_START | Tempo: 0.001s | Dados: None
[2025-07-22 13:37:02] DEBUG [oraculo_debug:88] EVENTO: DEBUG_AMBIENTE | Tempo: 0.001s | Dados: {'python_version': '3.11.13 (main, Jun  3 2025, 18:38:25) [GCC 14.3.0]', 'discord_py_version': '2.5.2', 'platform': 'linux', 'working_directory': '/home/runner/workspace', 'environment_vars': {'DISCORD_TOKEN': '***PRESENTE***', 'GEMINI_API_KEY': '***PRESENTE***'}}
[2025-07-22 13:37:02] DEBUG [oraculo_debug:88] EVENTO: DEBUG_REDE | Tempo: 0.008s | Dados: {'erro': "[Errno 2] No such file or directory: 'nslookup'", 'teste_executado': False}
[2025-07-22 13:37:02] DEBUG [oraculo_debug:88] EVENTO: CONFIG_START | Tempo: 0.008s | Dados: None
[2025-07-22 13:37:02] DEBUG [oraculo_debug:88] EVENTO: CONFIG_VALID | Tempo: 0.008s | Dados: None
[2025-07-22 13:37:02] DEBUG [oraculo_debug:88] EVENTO: DB_INIT_START | Tempo: 0.008s | Dados: None
[2025-07-22 13:37:02] DEBUG [oraculo_debug:88] EVENTO: DB_INIT_SUCCESS | Tempo: 0.013s | Dados: None
[2025-07-22 13:37:02] DEBUG [oraculo_debug:88] EVENTO: BOT_INIT_START | Tempo: 0.013s | Dados: None
[2025-07-22 13:37:02] WARNING [discord.client:318] PyNaCl is not installed, voice will NOT be supported
[2025-07-22 13:37:02] DEBUG [discord.client:2100] on_connect has successfully been registered as an event
[2025-07-22 13:37:02] DEBUG [discord.client:2100] on_ready has successfully been registered as an event
[2025-07-22 13:37:02] DEBUG [discord.client:2100] on_disconnect has successfully been registered as an event
[2025-07-22 13:37:02] DEBUG [discord.client:2100] on_error has successfully been registered as an event
[2025-07-22 13:37:02] DEBUG [oraculo_debug:88] EVENTO: BOT_INIT_SUCCESS | Tempo: 0.014s | Dados: None
[2025-07-22 13:37:02] DEBUG [oraculo_debug:88] EVENTO: ASYNC_FUNC_END | Tempo: 0.014s | Dados: {'function': 'inicializar', 'success': True}
[2025-07-22 13:37:02] DEBUG [oraculo_debug:88] EVENTO: DISCORD_CONNECT_START | Tempo: 0.014s | Dados: None
[2025-07-22 13:37:02] DEBUG [oraculo_debug:88] EVENTO: DEBUG_DISCORD | Tempo: 0.015s | Dados: {'closed': False, 'ready': False, 'user': 'None', 'latency': nan, 'guilds_count': 0}
[2025-07-22 13:37:02] DEBUG [oraculo_debug:88] EVENTO: DISCORD_START_CALL | Tempo: 0.015s | Dados: None
[2025-07-22 13:37:02] INFO [discord.client:643] logging in using static token
[2025-07-22 13:37:02] DEBUG [discord.http:643] GET https://discord.com/api/v10/users/@me with None has returned 200
[2025-07-22 13:37:02] DEBUG [discord.http:676] GET /users/@me has found its initial rate limit bucket hash (78bb8553d9352a5a2f89f9def401287a).
[2025-07-22 13:37:02] DEBUG [discord.http:691] GET https://discord.com/api/v10/users/@me has received {'id': '1397203498843508837', 'username': 'Oraculo-Concursos', 'avatar': None, 'discriminator': '0820', 'public_flags': 0, 'flags': 0, 'bot': True, 'banner': None, 'accent_color': None, 'global_name': None, 'avatar_decoration_data': None, 'collectibles': None, 'display_name_styles': None, 'banner_color': None, 'clan': None, 'primary_guild': None, 'mfa_enabled': True, 'locale': 'en-US', 'premium_type': 0, 'email': None, 'verified': True, 'bio': ''}
[2025-07-22 13:37:03] DEBUG [discord.http:643] GET https://discord.com/api/v10/oauth2/applications/@me with None has returned 200
[2025-07-22 13:37:03] DEBUG [discord.http:676] GET /oauth2/applications/@me has found its initial rate limit bucket hash (d28a133af187e91d71d96a223467ce49).
[2025-07-22 13:37:03] DEBUG [discord.http:691] GET https://discord.com/api/v10/oauth2/applications/@me has received {'id': '1397203498843508837', 'name': 'Oraculo-Concursos', 'icon': None, 'description': '', 'type': None, 'bot': {'id': '1397203498843508837', 'username': 'Oraculo-Concursos', 'avatar': None, 'discriminator': '0820', 'public_flags': 0, 'flags': 0, 'bot': True, 'banner': None, 'accent_color': None, 'global_name': None, 'avatar_decoration_data': None, 'collectibles': None, 'display_name_styles': None, 'banner_color': None, 'clan': None, 'primary_guild': None}, 'summary': '', 'is_monetized': False, 'is_verified': False, 'is_discoverable': False, 'bot_public': True, 'bot_require_code_grant': False, 'install_params': {'scopes': ['applications.commands'], 'permissions': '0'}, 'integration_types_config': {'0': {'oauth2_install_params': {'scopes': ['applications.commands'], 'permissions': '0'}}, '1': {'oauth2_install_params': {'scopes': ['applications.commands'], 'permissions': '0'}}}, 'verify_key': 'db1e4f82cfeb3e4f589e11d32f555683c39d4d893a495adc9d04ec1f9e9c54b1', 'flags': 524288, 'hook': True, 'storefront_available': False, 'redirect_uris': [], 'interactions_endpoint_url': None, 'role_connections_verification_url': None, 'owner': {'id': '289558466551480320', 'username': 'sherlockramos.io', 'avatar': 'd7d9eea47571daaa53b284a1027ab5fc', 'discriminator': '0', 'public_flags': 4194304, 'flags': 4194304, 'banner': None, 'accent_color': None, 'global_name': 'SherlockRamos', 'avatar_decoration_data': None, 'collectibles': None, 'display_name_styles': None, 'banner_color': None, 'clan': {'identity_guild_id': '1275535550845292637', 'identity_enabled': True, 'tag': 'CLNE', 'badge': 'e0fb315519bcb35d53e4ac4fb5b81b8c'}, 'primary_guild': {'identity_guild_id': '1275535550845292637', 'identity_enabled': True, 'tag': 'CLNE', 'badge': 'e0fb315519bcb35d53e4ac4fb5b81b8c'}}, 'approximate_guild_count': 0, 'approximate_user_install_count': 0, 'approximate_user_authorization_count': 0, 'interactions_event_types': [], 'interactions_version': 1, 'explicit_content_filter': 0, 'rpc_application_state': 0, 'store_application_state': 1, 'verification_state': 1, 'integration_public': True, 'integration_require_code_grant': False, 'discoverability_state': 1, 'discovery_eligibility_flags': 2272, 'monetization_state': 1, 'verification_eligibility_flags': 123804, 'monetization_eligibility_flags': 247524, 'team': None, 'internal_guild_restriction': 2, 'approved_consoles': []}
[2025-07-22 13:37:03] DEBUG [discord.gateway:399] Created websocket connected to wss://gateway.discord.gg/
[2025-07-22 13:37:03] DEBUG [discord.gateway:501] For Shard ID None: WebSocket Event: {'t': None, 's': None, 'op': 10, 'd': {'heartbeat_interval': 41250, '_trace': ['["gateway-prd-us-east1-c-prdw",{"micros":0.0}]']}}
[2025-07-22 13:37:03] DEBUG [discord.gateway:474] Shard ID None has sent the IDENTIFY payload.
[2025-07-22 13:37:03] DEBUG [discord.gateway:501] For Shard ID None: WebSocket Event: {'t': None, 's': None, 'op': 11, 'd': None}
[2025-07-22 13:37:03] DEBUG [discord.gateway:501] For Shard ID None: WebSocket Event: {'t': 'READY', 's': 1, 'op': 0, 'd': {'v': 10, 'user_settings': {}, 'user': {'verified': True, 'username': 'Oraculo-Concursos', 'primary_guild': None, 'mfa_enabled': True, 'id': '1397203498843508837', 'global_name': None, 'flags': 0, 'email': None, 'discriminator': '0820', 'clan': None, 'bot': True, 'avatar': None}, 'session_type': 'normal', 'session_id': 'aef0c94ada661c44d15bd64eeb29d002', 'resume_gateway_url': 'wss://gateway-us-east1-c.discord.gg', 'relationships': [], 'private_channels': [], 'presences': [], 'guilds': [], 'guild_join_requests': [], 'geo_ordered_rtc_regions': ['us-central', 'us-south', 'atlanta', 'us-east', 'newark'], 'game_relationships': [], 'auth': {}, 'application': {'id': '1397203498843508837', 'flags': 524288}, '_trace': ['["gateway-prd-us-east1-c-prdw",{"micros":86053,"calls":["id_created",{"micros":540,"calls":[]},"session_lookup_time",{"micros":330,"calls":[]},"session_lookup_finished",{"micros":18,"calls":[]},"discord-sessions-prd-2-86",{"micros":84785,"calls":["start_session",{"micros":80812,"calls":["discord-api-rpc-7dd6fc94cb-th4rx",{"micros":58938,"calls":["get_user",{"micros":8672},"get_guilds",{"micros":7455},"send_scheduled_deletion_message",{"micros":33},"guild_join_requests",{"micros":3},"authorized_ip_coro",{"micros":21},"pending_payments",{"micros":8469},"apex_experiments",{"micros":3078},"user_activities",{"micros":5},"played_application_ids",{"micros":2}]}]},"starting_guild_connect",{"micros":48,"calls":[]},"presence_started",{"micros":329,"calls":[]},"guilds_started",{"micros":1,"calls":[]},"lobbies_started",{"micros":1,"calls":[]},"guilds_connect",{"micros":1,"calls":[]},"presence_connect",{"micros":3574,"calls":[]},"connect_finished",{"micros":3576,"calls":[]},"build_ready",{"micros":15,"calls":[]},"clean_ready",{"micros":1,"calls":[]},"optimize_ready",{"micros":0,"calls":[]},"split_ready",{"micros":0,"calls":[]}]}]}]']}}
[2025-07-22 13:37:03] DEBUG [discord.client:502] Dispatching event socket_event_type
[2025-07-22 13:37:03] INFO [discord.gateway:562] Shard ID None has connected to Gateway (Session ID: aef0c94ada661c44d15bd64eeb29d002).
[2025-07-22 13:37:03] DEBUG [discord.client:502] Dispatching event connect
[2025-07-22 13:37:03] DEBUG [oraculo_debug:88] EVENTO: DISCORD_CONNECT | Tempo: 0.635s | Dados: {'latency': 0.04335937200085027, 'user': 'Oraculo-Concursos#0820'}
[2025-07-22 13:37:05] DEBUG [discord.client:502] Dispatching event ready
[2025-07-22 13:37:05] DEBUG [oraculo_debug:88] EVENTO: DISCORD_READY | Tempo: 2.639s | Dados: {'user': 'Oraculo-Concursos#0820', 'guilds': 0, 'latency': 0.04335937200085027}
[2025-07-22 13:37:44] DEBUG [discord.gateway:168] Keeping shard ID None websocket alive with sequence 1.
[2025-07-22 13:37:44] DEBUG [discord.gateway:501] For Shard ID None: WebSocket Event: {'t': None, 's': None, 'op': 11, 'd': None}
